<?xml version="1.0" encoding="UTF-8"?>
<!-- Generated by org.testng.reporters.JUnitXMLReporter -->
<testsuite ignored="0" hostname="SHIVA" failures="0" tests="3" name="Default test" time="0.325" errors="0" timestamp="2023-03-23T17:03:52 IST">
  <testcase classname="Testpakage.Loginclass" name="@BeforeTest beforetest" time="-1.679571231872E9">
    <failure type="org.testng.TestNGException" message="
Parameter &amp;apos;browser&amp;apos; is required by BeforeTest on method beforetest but has not been marked @Optional or defined
in C:\Users\Admin\AppData\Local\Temp\testng-eclipse-1169905680\testng-customsuite.xml">
      <![CDATA[org.testng.TestNGException: 
Parameter 'browser' is required by BeforeTest on method beforetest but has not been marked @Optional or defined
in C:\Users\Admin\AppData\Local\Temp\testng-eclipse-1169905680\testng-customsuite.xml
at org.testng.internal.Parameters.createParams(Parameters.java:267)
at org.testng.internal.Parameters.createParametersForMethod(Parameters.java:355)
at org.testng.internal.Parameters.createParameters(Parameters.java:684)
at org.testng.internal.Parameters.createConfigurationParameters(Parameters.java:166)
at org.testng.internal.invokers.ConfigInvoker.invokeConfigurations(ConfigInvoker.java:277)
at org.testng.TestRunner.invokeTestConfigurations(TestRunner.java:644)
at org.testng.TestRunner.beforeRun(TestRunner.java:633)
at org.testng.TestRunner.run(TestRunner.java:595)
at org.testng.SuiteRunner.runTest(SuiteRunner.java:437)
at org.testng.SuiteRunner.runSequentially(SuiteRunner.java:431)
at org.testng.SuiteRunner.privateRun(SuiteRunner.java:391)
at org.testng.SuiteRunner.run(SuiteRunner.java:330)
at org.testng.SuiteRunnerWorker.runSuite(SuiteRunnerWorker.java:52)
at org.testng.SuiteRunnerWorker.run(SuiteRunnerWorker.java:95)
at org.testng.TestNG.runSuitesSequentially(TestNG.java:1256)
at org.testng.TestNG.runSuitesLocally(TestNG.java:1176)
at org.testng.TestNG.runSuites(TestNG.java:1099)
at org.testng.TestNG.run(TestNG.java:1067)
at org.testng.remote.AbstractRemoteTestNG.run(AbstractRemoteTestNG.java:115)
at org.testng.remote.RemoteTestNG.initAndRun(RemoteTestNG.java:251)
at org.testng.remote.RemoteTestNG.main(RemoteTestNG.java:77)
]]>
    </failure>
  </testcase> <!-- @BeforeTest beforetest -->
  <testcase classname="Testpakage.Loginclass" name="@BeforeClass beforeClass" time="0.0">
    <skipped/>
  </testcase> <!-- @BeforeClass beforeClass -->
  <testcase classname="Testpakage.Loginclass" name="@BeforeMethod Beforemethod" time="0.0">
    <skipped/>
  </testcase> <!-- @BeforeMethod Beforemethod -->
  <testcase classname="Testpakage.Loginclass" name="@AfterMethod aftermethod" time="0.0">
    <skipped/>
  </testcase> <!-- @AfterMethod aftermethod -->
  <testcase classname="Testpakage.Loginclass" name="@BeforeMethod Beforemethod" time="0.0">
    <skipped/>
  </testcase> <!-- @BeforeMethod Beforemethod -->
  <testcase classname="Testpakage.Loginclass" name="@AfterMethod aftermethod" time="0.0">
    <skipped/>
  </testcase> <!-- @AfterMethod aftermethod -->
  <testcase classname="Testpakage.Loginclass" name="@BeforeMethod Beforemethod" time="0.0">
    <skipped/>
  </testcase> <!-- @BeforeMethod Beforemethod -->
  <testcase classname="Testpakage.Loginclass" name="@AfterMethod aftermethod" time="0.0">
    <skipped/>
  </testcase> <!-- @AfterMethod aftermethod -->
  <testcase classname="Testpakage.Loginclass" name="@AfterClass afterclass" time="0.0">
    <skipped/>
  </testcase> <!-- @AfterClass afterclass -->
  <testcase classname="Testpakage.Loginclass" name="@AfterTest aftertest" time="0.0">
    <skipped/>
  </testcase> <!-- @AfterTest aftertest -->
  <testcase classname="Testpakage.Loginclass" name="test" time="0.001">
    <skipped/>
  </testcase> <!-- test -->
  <testcase classname="Testpakage.Loginclass" name="test1" time="0.0">
    <skipped/>
  </testcase> <!-- test1 -->
  <testcase classname="Testpakage.Loginclass" name="test2" time="0.001">
    <skipped/>
  </testcase> <!-- test2 -->
</testsuite> <!-- Default test -->
