<?xml version="1.0" encoding="UTF-8"?>
<!-- Generated by org.testng.reporters.JUnitXMLReporter -->
<testsuite ignored="0" hostname="SHIVA" failures="0" tests="1" name="Test" time="0.335" errors="0" timestamp="2023-03-21T18:22:15 IST">
  <testcase classname="Testpakage.LoginpageTestclass" name="@BeforeTest beforetest" time="-1.679403135129E9">
    <failure type="org.testng.TestNGException" message="
Parameter &amp;apos;browser&amp;apos; is required by BeforeTest on method beforetest but has not been marked @Optional or defined
in C:\Users\Admin\eclipse-workspace\MavenOrangeHRM\testngutility.xml">
      <![CDATA[org.testng.TestNGException: 
Parameter 'browser' is required by BeforeTest on method beforetest but has not been marked @Optional or defined
in C:\Users\Admin\eclipse-workspace\MavenOrangeHRM\testngutility.xml
... Removed 21 stack frames]]>
    </failure>
  </testcase> <!-- @BeforeTest beforetest -->
  <testcase classname="Testpakage.LoginpageTestclass" name="@BeforeClass beforeClass" time="0.0">
    <skipped/>
  </testcase> <!-- @BeforeClass beforeClass -->
  <testcase classname="Testpakage.LoginpageTestclass" name="@BeforeMethod Beforemethod" time="0.0">
    <skipped/>
  </testcase> <!-- @BeforeMethod Beforemethod -->
  <testcase classname="Testpakage.LoginpageTestclass" name="@AfterMethod aftermethod" time="0.0">
    <skipped/>
  </testcase> <!-- @AfterMethod aftermethod -->
  <testcase classname="Testpakage.LoginpageTestclass" name="@AfterClass afterclass" time="0.0">
    <skipped/>
  </testcase> <!-- @AfterClass afterclass -->
  <testcase classname="Testpakage.LoginpageTestclass" name="@AfterTest aftertest" time="0.0">
    <skipped/>
  </testcase> <!-- @AfterTest aftertest -->
  <testcase classname="Testpakage.LoginpageTestclass" name="test" time="0.001">
    <skipped/>
  </testcase> <!-- test -->
</testsuite> <!-- Test -->
